#
# A fatal error has been detected by the Java Runtime Environment:
#
#  SIGSEGV (0xb) at pc=0x000000011962b078, pid=54322, tid=6147
#
# JRE version: Java(TM) SE Runtime Environment (9.0+11) (build 9.0.1+11)
# Java VM: Java HotSpot(TM) 64-Bit Server VM (9.0.1+11, mixed mode, tiered, compressed oops, g1 gc, bsd-amd64)
# Problematic frame:
# j  ast.VisitorImpl.visit(Last/node/declaration/ClassDeclaration;)V+236
#
# No core dump will be written. Core dumps have been disabled. To enable core dumping, try "ulimit -c unlimited" before starting Java again
#
# If you would like to submit a bug report, please visit:
#   http://bugreport.java.com/bugreport/crash.jsp
#

---------------  S U M M A R Y ------------

Command Line: -agentlib:jdwp=transport=dt_socket,address=127.0.0.1:52122,suspend=y,server=n -javaagent:/Users/pooya/Library/Caches/IntelliJIdea2018.2/captureAgent/debugger-agent.jar=file:/private/var/folders/1f/tmlxzt5s5fs2bdd9jrmv1bzm0000gn/T/capture.props -Dfile.encoding=UTF-8 org.antlr.v4.gui.TestRig Smoola program in.sml

Host: MacBookPro14,2 x86_64 3100 MHz, 4 cores, 8G, Darwin 18.2.0
Time: Thu Dec 13 16:48:06 2018 +0330 elapsed time: 280 seconds (0d 0h 4m 40s)

---------------  T H R E A D  ---------------

Current thread (0x00007ff46900f000):  JavaThread "main" [_thread_in_Java, id=6147, stack(0x0000700005539000,0x0000700005639000)]

Stack: [0x0000700005539000,0x0000700005639000],  sp=0x0000700005637f78,  free space=1019k
Native frames: (J=compiled Java code, A=aot compiled Java code, j=interpreted, Vv=VM code, C=native code)
j  ast.VisitorImpl.visit(Last/node/declaration/ClassDeclaration;)V+236
j  ast.node.declaration.ClassDeclaration.accept(Last/Visitor;)V+2
j  ast.VisitorImpl.visit(Last/node/Program;)V+24
j  ast.node.Program.accept(Last/Visitor;)V+2
j  SmoolaParser.program()LSmoolaParser$ProgramContext;+235
v  ~StubRoutines::call_stub
V  [libjvm.dylib+0x3a270d]
V  [libjvm.dylib+0x653781]
V  [libjvm.dylib+0x6531ee]
V  [libjvm.dylib+0x41ae17]
j  jdk.internal.reflect.NativeMethodAccessorImpl.invoke0(Ljava/lang/reflect/Method;Ljava/lang/Object;[Ljava/lang/Object;)Ljava/lang/Object;+0 java.base@9.0.1
j  jdk.internal.reflect.NativeMethodAccessorImpl.invoke(Ljava/lang/Object;[Ljava/lang/Object;)Ljava/lang/Object;+100 java.base@9.0.1
j  jdk.internal.reflect.DelegatingMethodAccessorImpl.invoke(Ljava/lang/Object;[Ljava/lang/Object;)Ljava/lang/Object;+6 java.base@9.0.1
j  java.lang.reflect.Method.invoke(Ljava/lang/Object;[Ljava/lang/Object;)Ljava/lang/Object;+59 java.base@9.0.1
j  org.antlr.v4.gui.TestRig.process(Lorg/antlr/v4/runtime/Lexer;Ljava/lang/Class;Lorg/antlr/v4/runtime/Parser;Lorg/antlr/v4/runtime/CharStream;)V+227
j  org.antlr.v4.gui.TestRig.process()V+364
j  org.antlr.v4.gui.TestRig.main([Ljava/lang/String;)V+16
v  ~StubRoutines::call_stub
V  [libjvm.dylib+0x3a270d]
V  [libjvm.dylib+0x3dbb79]
V  [libjvm.dylib+0x3de527]
C  [java+0x4dfa]  JavaMain+0xb8d
C  [libsystem_pthread.dylib+0x3305]  _pthread_body+0x7e
C  [libsystem_pthread.dylib+0x626f]  _pthread_start+0x46
C  [libsystem_pthread.dylib+0x2415]  thread_start+0xd
C  0x0000000000000000


siginfo: si_signo: 11 (SIGSEGV), si_code: 1 (SEGV_MAPERR), si_addr: 0x0000000147859fc0

Register to memory mapping:

RAX=0x0000000000000000 is an unknown value
RBX=0x000000000000000d is an unknown value
RCX=0x0000000147859fb8 is an unknown value
RDX=0x0000000080000001 is an unknown value
RSP=0x0000700005637f78 is pointing into the stack for thread: 0x00007ff46900f000
RBP=0x0000700005637fd8 is pointing into the stack for thread: 0x00007ff46900f000
RSI=0x0000000000000004 is an unknown value
RDI=0x0000000000000000 is an unknown value
R8 =0x0000000000000004 is an unknown value
R9 =0x0000000000000000 is an unknown value
R10=0x000000010eb518d0: _ZN19TemplateInterpreter20_invoke_return_entryE+0 in /Library/Java/JavaVirtualMachines/jdk-9.0.1.jdk/Contents/Home/lib/server/libjvm.dylib at 0x000000010e200000
R11=0x0000000000000000 is an unknown value
R12=0x0000000000000000 is an unknown value
R13=0x00000001300a0f84 is pointing into metadata
R14=0x0000700005638030 is pointing into the stack for thread: 0x00007ff46900f000
R15=0x00007ff46900f000 is a thread


Registers:
RAX=0x0000000000000000, RBX=0x000000000000000d, RCX=0x0000000147859fb8, RDX=0x0000000080000001
RSP=0x0000700005637f78, RBP=0x0000700005637fd8, RSI=0x0000000000000004, RDI=0x0000000000000000
R8 =0x0000000000000004, R9 =0x0000000000000000, R10=0x000000010eb518d0, R11=0x0000000000000000
R12=0x0000000000000000, R13=0x00000001300a0f84, R14=0x0000700005638030, R15=0x00007ff46900f000
RIP=0x000000011962b078, EFLAGS=0x0000000000010246, ERR=0x0000000000000004
  TRAPNO=0x000000000000000e

Top of Stack: (sp=0x0000700005637f78)
0x0000700005637f78:   0000000119603260 0000000147859fb8
0x0000700005637f88:   000000074770e638 0000700005637f90
0x0000700005637f98:   00000001300a0f84 0000700005638030
0x0000700005637fa8:   00000001300a61a0 0000000000000000
0x0000700005637fb8:   00000007478fdf98 00000001300a1270
0x0000700005637fc8:   0000000000000000 0000700005638028
0x0000700005637fd8:   0000700005638080 0000000119603528
0x0000700005637fe8:   0000000000000000 0000000000000000
0x0000700005637ff8:   0000000000000000 0000000000000000
0x0000700005638008:   0000000000000000 0000000000000000
0x0000700005638018:   0000000000000000 0000000747859fb8
0x0000700005638028:   0000000747859f48 000000074770e638
0x0000700005638038:   0000700005638038 000000012ff8a5ea
0x0000700005638048:   0000700005638098 000000012ff8a9c8
0x0000700005638058:   0000000000000000 0000000747859e20
0x0000700005638068:   000000012ff8a610 0000700005638028
0x0000700005638078:   0000700005638090 00007000056380e8
0x0000700005638088:   00000001196034e3 000000074770e638
0x0000700005638098:   0000000747859f48 00007000056380a0
0x00007000056380a8:   00000001300a0d98 0000700005638110
0x00007000056380b8:   00000001300a61a0 0000000000000000
0x00007000056380c8:   00000007478fdf98 00000001300a0df8
0x00007000056380d8:   0000700005638090 0000700005638108
0x00007000056380e8:   0000700005638160 0000000119603528
0x00007000056380f8:   0000000000000000 0000000000000000
0x0000700005638108:   00000007478a60c0 000000074770e638
0x0000700005638118:   0000700005638118 000000012ffa6792
0x0000700005638128:   0000700005638178 000000012ffa6828
0x0000700005638138:   0000000000000000 00000007478a5fc0
0x0000700005638148:   000000012ffa67b8 0000700005638108
0x0000700005638158:   0000700005638170 00007000056381c8
0x0000700005638168:   00000001196034e3 000000074770e638 

Instructions: (pc=0x000000011962b078)
0x000000011962b058:   49 03 c5 48 89 45 d8 4c 8d 6c 24 08 4c 89 6d f0
0x000000011962b068:   41 80 bf d8 03 00 00 00 74 03 ff 63 30 ff 63 48
0x000000011962b078:   8b 41 08 48 c1 e0 03 4c 8b 75 d8 4d 85 f6 0f 84
0x000000011962b088:   95 00 00 00 49 8b 56 18 48 3b d0 0f 85 0f 00 00 

invokevirtual  182 invokevirtual  [0x000000011962ad20, 0x000000011962b280]  1376 bytes

---------------  P R O C E S S  ---------------

Java Threads: ( => current thread )
  0x00007ff46788e000 JavaThread "Service Thread" daemon [_thread_blocked, id=40707, stack(0x0000700006d81000,0x0000700006e81000)]
  0x00007ff46807e000 JavaThread "JDWP Event Helper Thread" daemon [_thread_blocked, id=22787, stack(0x0000700006b7b000,0x0000700006c7b000)]
  0x00007ff469046800 JavaThread "Common-Cleaner" daemon [_thread_blocked, id=42243, stack(0x0000700006975000,0x0000700006a75000)]
  0x00007ff46902b800 JavaThread "Sweeper thread" daemon [_thread_blocked, id=42755, stack(0x0000700006872000,0x0000700006972000)]
  0x00007ff46902a800 JavaThread "C1 CompilerThread2" daemon [_thread_blocked, id=22275, stack(0x000070000676f000,0x000070000686f000)]
  0x00007ff46902a000 JavaThread "C2 CompilerThread1" daemon [_thread_blocked, id=22019, stack(0x000070000666c000,0x000070000676c000)]
  0x00007ff468034000 JavaThread "C2 CompilerThread0" daemon [_thread_blocked, id=21763, stack(0x0000700006569000,0x0000700006669000)]
  0x00007ff46883f000 JavaThread "Signal Dispatcher" daemon [_thread_blocked, id=17667, stack(0x0000700006466000,0x0000700006566000)]
  0x00007ff468844800 JavaThread "Finalizer" daemon [_thread_blocked, id=19459, stack(0x0000700006363000,0x0000700006463000)]
  0x00007ff468044000 JavaThread "Reference Handler" daemon [_thread_blocked, id=15619, stack(0x0000700006260000,0x0000700006360000)]
=>0x00007ff46900f000 JavaThread "main" [_thread_in_Java, id=6147, stack(0x0000700005539000,0x0000700005639000)]

Other Threads:
  0x00007ff468835000 VMThread "VM Thread" [stack: 0x000070000615d000,0x000070000625d000] [id=15107]
  0x00007ff468878000 WatcherThread [stack: 0x0000700006e84000,0x0000700006f84000] [id=40195]
  0x00007ff468013000 GCTaskThread "GC Thread#0" [stack: 0x000070000563c000,0x000070000573c000] [id=21507]
  0x00007ff467800800 GCTaskThread "GC Thread#1" [stack: 0x000070000573f000,0x000070000583f000] [id=11267]
  0x00007ff46900d000 GCTaskThread "GC Thread#2" [stack: 0x0000700005842000,0x0000700005942000] [id=21251]
  0x00007ff468803800 GCTaskThread "GC Thread#3" [stack: 0x0000700005945000,0x0000700005a45000] [id=20995]
  0x00007ff46882b000 ConcurrentGCThread "G1 Main Marker" [stack: 0x0000700005f57000,0x0000700006057000] [id=13827]
  0x00007ff46882c000 ConcurrentGCThread "G1 Marker#0" [stack: 0x000070000605a000,0x000070000615a000] [id=14595]
  0x00007ff468806800 ConcurrentGCThread "G1 Refine#0" [stack: 0x0000700005d51000,0x0000700005e51000] [id=20227]
  0x00007ff468805800 ConcurrentGCThread "G1 Refine#1" [stack: 0x0000700005c4e000,0x0000700005d4e000] [id=13059]
  0x00007ff468805000 ConcurrentGCThread "G1 Refine#2" [stack: 0x0000700005b4b000,0x0000700005c4b000] [id=12547]
  0x00007ff468804000 ConcurrentGCThread "G1 Refine#3" [stack: 0x0000700005a48000,0x0000700005b48000] [id=12291]
  0x00007ff468013800 ConcurrentGCThread "G1 Young RemSet Sampling" [stack: 0x0000700005e54000,0x0000700005f54000] [id=13315]

Threads with active compile tasks:

VM state:not at safepoint (normal execution)

VM Mutex/Monitor currently owned by a thread: None

Heap address: 0x0000000740000000, size: 2048 MB, Compressed Oops mode: Zero based, Oop shift amount: 3
Narrow klass base: 0x0000000000000000, Narrow klass shift: 3
Compressed class space size: 1073741824 Address: 0x00000007c0000000

Heap:
 garbage-first heap   total 131072K, used 9216K [0x0000000740000000, 0x0000000740100400, 0x00000007c0000000)
  region size 1024K, 10 young (10240K), 0 survivors (0K)
 Metaspace       used 7489K, capacity 7598K, committed 7680K, reserved 1056768K
  class space    used 708K, capacity 737K, committed 768K, reserved 1048576K
Heap Regions: E=young(eden), S=young(survivor), O=old, HS=humongous(starts), HC=humongous(continues), CS=collection set, F=free, A=archive, TS=gc time stamp, AC=allocation context, TAMS=top-at-mark-start (previous, next)
|   0|0x0000000740000000, 0x0000000740000000, 0x0000000740100000|  0%| F|  |TS  0|AC  0|TAMS 0x0000000740000000, 0x0000000740000000|
|   1|0x0000000740100000, 0x0000000740100000, 0x0000000740200000|  0%| F|  |TS  0|AC  0|TAMS 0x0000000740100000, 0x0000000740100000|
|   2|0x0000000740200000, 0x0000000740200000, 0x0000000740300000|  0%| F|  |TS  0|AC  0|TAMS 0x0000000740200000, 0x0000000740200000|
|   3|0x0000000740300000, 0x0000000740300000, 0x0000000740400000|  0%| F|  |TS  0|AC  0|TAMS 0x0000000740300000, 0x0000000740300000|
|   4|0x0000000740400000, 0x0000000740400000, 0x0000000740500000|  0%| F|  |TS  0|AC  0|TAMS 0x0000000740400000, 0x0000000740400000|
|   5|0x0000000740500000, 0x0000000740500000, 0x0000000740600000|  0%| F|  |TS  0|AC  0|TAMS 0x0000000740500000, 0x0000000740500000|
|   6|0x0000000740600000, 0x0000000740600000, 0x0000000740700000|  0%| F|  |TS  0|AC  0|TAMS 0x0000000740600000, 0x0000000740600000|
|   7|0x0000000740700000, 0x0000000740700000, 0x0000000740800000|  0%| F|  |TS  0|AC  0|TAMS 0x0000000740700000, 0x0000000740700000|
|   8|0x0000000740800000, 0x0000000740800000, 0x0000000740900000|  0%| F|  |TS  0|AC  0|TAMS 0x0000000740800000, 0x0000000740800000|
|   9|0x0000000740900000, 0x0000000740900000, 0x0000000740a00000|  0%| F|  |TS  0|AC  0|TAMS 0x0000000740900000, 0x0000000740900000|
|  10|0x0000000740a00000, 0x0000000740a00000, 0x0000000740b00000|  0%| F|  |TS  0|AC  0|TAMS 0x0000000740a00000, 0x0000000740a00000|
|  11|0x0000000740b00000, 0x0000000740b00000, 0x0000000740c00000|  0%| F|  |TS  0|AC  0|TAMS 0x0000000740b00000, 0x0000000740b00000|
|  12|0x0000000740c00000, 0x0000000740c00000, 0x0000000740d00000|  0%| F|  |TS  0|AC  0|TAMS 0x0000000740c00000, 0x0000000740c00000|
|  13|0x0000000740d00000, 0x0000000740d00000, 0x0000000740e00000|  0%| F|  |TS  0|AC  0|TAMS 0x0000000740d00000, 0x0000000740d00000|
|  14|0x0000000740e00000, 0x0000000740e00000, 0x0000000740f00000|  0%| F|  |TS  0|AC  0|TAMS 0x0000000740e00000, 0x0000000740e00000|
|  15|0x0000000740f00000, 0x0000000740f00000, 0x0000000741000000|  0%| F|  |TS  0|AC  0|TAMS 0x0000000740f00000, 0x0000000740f00000|
|  16|0x0000000741000000, 0x0000000741000000, 0x0000000741100000|  0%| F|  |TS  0|AC  0|TAMS 0x0000000741000000, 0x0000000741000000|
|  17|0x0000000741100000, 0x0000000741100000, 0x0000000741200000|  0%| F|  |TS  0|AC  0|TAMS 0x0000000741100000, 0x0000000741100000|
|  18|0x0000000741200000, 0x0000000741200000, 0x0000000741300000|  0%| F|  |TS  0|AC  0|TAMS 0x0000000741200000, 0x0000000741200000|
|  19|0x0000000741300000, 0x0000000741300000, 0x0000000741400000|  0%| F|  |TS  0|AC  0|TAMS 0x0000000741300000, 0x0000000741300000|
|  20|0x0000000741400000, 0x0000000741400000, 0x0000000741500000|  0%| F|  |TS  0|AC  0|TAMS 0x0000000741400000, 0x0000000741400000|
|  21|0x0000000741500000, 0x0000000741500000, 0x0000000741600000|  0%| F|  |TS  0|AC  0|TAMS 0x0000000741500000, 0x0000000741500000|
|  22|0x0000000741600000, 0x0000000741600000, 0x0000000741700000|  0%| F|  |TS  0|AC  0|TAMS 0x0000000741600000, 0x0000000741600000|
|  23|0x0000000741700000, 0x0000000741700000, 0x0000000741800000|  0%| F|  |TS  0|AC  0|TAMS 0x0000000741700000, 0x0000000741700000|
|  24|0x0000000741800000, 0x0000000741800000, 0x0000000741900000|  0%| F|  |TS  0|AC  0|TAMS 0x0000000741800000, 0x0000000741800000|
|  25|0x0000000741900000, 0x0000000741900000, 0x0000000741a00000|  0%| F|  |TS  0|AC  0|TAMS 0x0000000741900000, 0x0000000741900000|
|  26|0x0000000741a00000, 0x0000000741a00000, 0x0000000741b00000|  0%| F|  |TS  0|AC  0|TAMS 0x0000000741a00000, 0x0000000741a00000|
|  27|0x0000000741b00000, 0x0000000741b00000, 0x0000000741c00000|  0%| F|  |TS  0|AC  0|TAMS 0x0000000741b00000, 0x0000000741b00000|
|  28|0x0000000741c00000, 0x0000000741c00000, 0x0000000741d00000|  0%| F|  |TS  0|AC  0|TAMS 0x0000000741c00000, 0x0000000741c00000|
|  29|0x0000000741d00000, 0x0000000741d00000, 0x0000000741e00000|  0%| F|  |TS  0|AC  0|TAMS 0x0000000741d00000, 0x0000000741d00000|
|  30|0x0000000741e00000, 0x0000000741e00000, 0x0000000741f00000|  0%| F|  |TS  0|AC  0|TAMS 0x0000000741e00000, 0x0000000741e00000|
|  31|0x0000000741f00000, 0x0000000741f00000, 0x0000000742000000|  0%| F|  |TS  0|AC  0|TAMS 0x0000000741f00000, 0x0000000741f00000|
|  32|0x0000000742000000, 0x0000000742000000, 0x0000000742100000|  0%| F|  |TS  0|AC  0|TAMS 0x0000000742000000, 0x0000000742000000|
|  33|0x0000000742100000, 0x0000000742100000, 0x0000000742200000|  0%| F|  |TS  0|AC  0|TAMS 0x0000000742100000, 0x0000000742100000|
|  34|0x0000000742200000, 0x0000000742200000, 0x0000000742300000|  0%| F|  |TS  0|AC  0|TAMS 0x0000000742200000, 0x0000000742200000|
|  35|0x0000000742300000, 0x0000000742300000, 0x0000000742400000|  0%| F|  |TS  0|AC  0|TAMS 0x0000000742300000, 0x0000000742300000|
|  36|0x0000000742400000, 0x0000000742400000, 0x0000000742500000|  0%| F|  |TS  0|AC  0|TAMS 0x0000000742400000, 0x0000000742400000|
|  37|0x0000000742500000, 0x0000000742500000, 0x0000000742600000|  0%| F|  |TS  0|AC  0|TAMS 0x0000000742500000, 0x0000000742500000|
|  38|0x0000000742600000, 0x0000000742600000, 0x0000000742700000|  0%| F|  |TS  0|AC  0|TAMS 0x0000000742600000, 0x0000000742600000|
|  39|0x0000000742700000, 0x0000000742700000, 0x0000000742800000|  0%| F|  |TS  0|AC  0|TAMS 0x0000000742700000, 0x0000000742700000|
|  40|0x0000000742800000, 0x0000000742800000, 0x0000000742900000|  0%| F|  |TS  0|AC  0|TAMS 0x0000000742800000, 0x0000000742800000|
|  41|0x0000000742900000, 0x0000000742900000, 0x0000000742a00000|  0%| F|  |TS  0|AC  0|TAMS 0x0000000742900000, 0x0000000742900000|
|  42|0x0000000742a00000, 0x0000000742a00000, 0x0000000742b00000|  0%| F|  |TS  0|AC  0|TAMS 0x0000000742a00000, 0x0000000742a00000|
|  43|0x0000000742b00000, 0x0000000742b00000, 0x0000000742c00000|  0%| F|  |TS  0|AC  0|TAMS 0x0000000742b00000, 0x0000000742b00000|
|  44|0x0000000742c00000, 0x0000000742c00000, 0x0000000742d00000|  0%| F|  |TS  0|AC  0|TAMS 0x0000000742c00000, 0x0000000742c00000|
|  45|0x0000000742d00000, 0x0000000742d00000, 0x0000000742e00000|  0%| F|  |TS  0|AC  0|TAMS 0x0000000742d00000, 0x0000000742d00000|
|  46|0x0000000742e00000, 0x0000000742e00000, 0x0000000742f00000|  0%| F|  |TS  0|AC  0|TAMS 0x0000000742e00000, 0x0000000742e00000|
|  47|0x0000000742f00000, 0x0000000742f00000, 0x0000000743000000|  0%| F|  |TS  0|AC  0|TAMS 0x0000000742f00000, 0x0000000742f00000|
|  48|0x0000000743000000, 0x0000000743000000, 0x0000000743100000|  0%| F|  |TS  0|AC  0|TAMS 0x0000000743000000, 0x0000000743000000|
|  49|0x0000000743100000, 0x0000000743100000, 0x0000000743200000|  0%| F|  |TS  0|AC  0|TAMS 0x0000000743100000, 0x0000000743100000|
|  50|0x0000000743200000, 0x0000000743200000, 0x0000000743300000|  0%| F|  |TS  0|AC  0|TAMS 0x0000000743200000, 0x0000000743200000|
|  51|0x0000000743300000, 0x0000000743300000, 0x0000000743400000|  0%| F|  |TS  0|AC  0|TAMS 0x0000000743300000, 0x0000000743300000|
|  52|0x0000000743400000, 0x0000000743400000, 0x0000000743500000|  0%| F|  |TS  0|AC  0|TAMS 0x0000000743400000, 0x0000000743400000|
|  53|0x0000000743500000, 0x0000000743500000, 0x0000000743600000|  0%| F|  |TS  0|AC  0|TAMS 0x0000000743500000, 0x0000000743500000|
|  54|0x0000000743600000, 0x0000000743600000, 0x0000000743700000|  0%| F|  |TS  0|AC  0|TAMS 0x0000000743600000, 0x0000000743600000|
|  55|0x0000000743700000, 0x0000000743700000, 0x0000000743800000|  0%| F|  |TS  0|AC  0|TAMS 0x0000000743700000, 0x0000000743700000|
|  56|0x0000000743800000, 0x0000000743800000, 0x0000000743900000|  0%| F|  |TS  0|AC  0|TAMS 0x0000000743800000, 0x0000000743800000|
|  57|0x0000000743900000, 0x0000000743900000, 0x0000000743a00000|  0%| F|  |TS  0|AC  0|TAMS 0x0000000743900000, 0x0000000743900000|
|  58|0x0000000743a00000, 0x0000000743a00000, 0x0000000743b00000|  0%| F|  |TS  0|AC  0|TAMS 0x0000000743a00000, 0x0000000743a00000|
|  59|0x0000000743b00000, 0x0000000743b00000, 0x0000000743c00000|  0%| F|  |TS  0|AC  0|TAMS 0x0000000743b00000, 0x0000000743b00000|
|  60|0x0000000743c00000, 0x0000000743c00000, 0x0000000743d00000|  0%| F|  |TS  0|AC  0|TAMS 0x0000000743c00000, 0x0000000743c00000|
|  61|0x0000000743d00000, 0x0000000743d00000, 0x0000000743e00000|  0%| F|  |TS  0|AC  0|TAMS 0x0000000743d00000, 0x0000000743d00000|
|  62|0x0000000743e00000, 0x0000000743e00000, 0x0000000743f00000|  0%| F|  |TS  0|AC  0|TAMS 0x0000000743e00000, 0x0000000743e00000|
|  63|0x0000000743f00000, 0x0000000743f00000, 0x0000000744000000|  0%| F|  |TS  0|AC  0|TAMS 0x0000000743f00000, 0x0000000743f00000|
|  64|0x0000000744000000, 0x0000000744000000, 0x0000000744100000|  0%| F|  |TS  0|AC  0|TAMS 0x0000000744000000, 0x0000000744000000|
|  65|0x0000000744100000, 0x0000000744100000, 0x0000000744200000|  0%| F|  |TS  0|AC  0|TAMS 0x0000000744100000, 0x0000000744100000|
|  66|0x0000000744200000, 0x0000000744200000, 0x0000000744300000|  0%| F|  |TS  0|AC  0|TAMS 0x0000000744200000, 0x0000000744200000|
|  67|0x0000000744300000, 0x0000000744300000, 0x0000000744400000|  0%| F|  |TS  0|AC  0|TAMS 0x0000000744300000, 0x0000000744300000|
|  68|0x0000000744400000, 0x0000000744400000, 0x0000000744500000|  0%| F|  |TS  0|AC  0|TAMS 0x0000000744400000, 0x0000000744400000|
|  69|0x0000000744500000, 0x0000000744500000, 0x0000000744600000|  0%| F|  |TS  0|AC  0|TAMS 0x0000000744500000, 0x0000000744500000|
|  70|0x0000000744600000, 0x0000000744600000, 0x0000000744700000|  0%| F|  |TS  0|AC  0|TAMS 0x0000000744600000, 0x0000000744600000|
|  71|0x0000000744700000, 0x0000000744700000, 0x0000000744800000|  0%| F|  |TS  0|AC  0|TAMS 0x0000000744700000, 0x0000000744700000|
|  72|0x0000000744800000, 0x0000000744800000, 0x0000000744900000|  0%| F|  |TS  0|AC  0|TAMS 0x0000000744800000, 0x0000000744800000|
|  73|0x0000000744900000, 0x0000000744900000, 0x0000000744a00000|  0%| F|  |TS  0|AC  0|TAMS 0x0000000744900000, 0x0000000744900000|
|  74|0x0000000744a00000, 0x0000000744a00000, 0x0000000744b00000|  0%| F|  |TS  0|AC  0|TAMS 0x0000000744a00000, 0x0000000744a00000|
|  75|0x0000000744b00000, 0x0000000744b00000, 0x0000000744c00000|  0%| F|  |TS  0|AC  0|TAMS 0x0000000744b00000, 0x0000000744b00000|
|  76|0x0000000744c00000, 0x0000000744c00000, 0x0000000744d00000|  0%| F|  |TS  0|AC  0|TAMS 0x0000000744c00000, 0x0000000744c00000|
|  77|0x0000000744d00000, 0x0000000744d00000, 0x0000000744e00000|  0%| F|  |TS  0|AC  0|TAMS 0x0000000744d00000, 0x0000000744d00000|
|  78|0x0000000744e00000, 0x0000000744e00000, 0x0000000744f00000|  0%| F|  |TS  0|AC  0|TAMS 0x0000000744e00000, 0x0000000744e00000|
|  79|0x0000000744f00000, 0x0000000744f00000, 0x0000000745000000|  0%| F|  |TS  0|AC  0|TAMS 0x0000000744f00000, 0x0000000744f00000|
|  80|0x0000000745000000, 0x0000000745000000, 0x0000000745100000|  0%| F|  |TS  0|AC  0|TAMS 0x0000000745000000, 0x0000000745000000|
|  81|0x0000000745100000, 0x0000000745100000, 0x0000000745200000|  0%| F|  |TS  0|AC  0|TAMS 0x0000000745100000, 0x0000000745100000|
|  82|0x0000000745200000, 0x0000000745200000, 0x0000000745300000|  0%| F|  |TS  0|AC  0|TAMS 0x0000000745200000, 0x0000000745200000|
|  83|0x0000000745300000, 0x0000000745300000, 0x0000000745400000|  0%| F|  |TS  0|AC  0|TAMS 0x0000000745300000, 0x0000000745300000|
|  84|0x0000000745400000, 0x0000000745400000, 0x0000000745500000|  0%| F|  |TS  0|AC  0|TAMS 0x0000000745400000, 0x0000000745400000|
|  85|0x0000000745500000, 0x0000000745500000, 0x0000000745600000|  0%| F|  |TS  0|AC  0|TAMS 0x0000000745500000, 0x0000000745500000|
|  86|0x0000000745600000, 0x0000000745600000, 0x0000000745700000|  0%| F|  |TS  0|AC  0|TAMS 0x0000000745600000, 0x0000000745600000|
|  87|0x0000000745700000, 0x0000000745700000, 0x0000000745800000|  0%| F|  |TS  0|AC  0|TAMS 0x0000000745700000, 0x0000000745700000|
|  88|0x0000000745800000, 0x0000000745800000, 0x0000000745900000|  0%| F|  |TS  0|AC  0|TAMS 0x0000000745800000, 0x0000000745800000|
|  89|0x0000000745900000, 0x0000000745900000, 0x0000000745a00000|  0%| F|  |TS  0|AC  0|TAMS 0x0000000745900000, 0x0000000745900000|
|  90|0x0000000745a00000, 0x0000000745a00000, 0x0000000745b00000|  0%| F|  |TS  0|AC  0|TAMS 0x0000000745a00000, 0x0000000745a00000|
|  91|0x0000000745b00000, 0x0000000745b00000, 0x0000000745c00000|  0%| F|  |TS  0|AC  0|TAMS 0x0000000745b00000, 0x0000000745b00000|
|  92|0x0000000745c00000, 0x0000000745c00000, 0x0000000745d00000|  0%| F|  |TS  0|AC  0|TAMS 0x0000000745c00000, 0x0000000745c00000|
|  93|0x0000000745d00000, 0x0000000745d00000, 0x0000000745e00000|  0%| F|  |TS  0|AC  0|TAMS 0x0000000745d00000, 0x0000000745d00000|
|  94|0x0000000745e00000, 0x0000000745e00000, 0x0000000745f00000|  0%| F|  |TS  0|AC  0|TAMS 0x0000000745e00000, 0x0000000745e00000|
|  95|0x0000000745f00000, 0x0000000745f00000, 0x0000000746000000|  0%| F|  |TS  0|AC  0|TAMS 0x0000000745f00000, 0x0000000745f00000|
|  96|0x0000000746000000, 0x0000000746000000, 0x0000000746100000|  0%| F|  |TS  0|AC  0|TAMS 0x0000000746000000, 0x0000000746000000|
|  97|0x0000000746100000, 0x0000000746100000, 0x0000000746200000|  0%| F|  |TS  0|AC  0|TAMS 0x0000000746100000, 0x0000000746100000|
|  98|0x0000000746200000, 0x0000000746200000, 0x0000000746300000|  0%| F|  |TS  0|AC  0|TAMS 0x0000000746200000, 0x0000000746200000|
|  99|0x0000000746300000, 0x0000000746300000, 0x0000000746400000|  0%| F|  |TS  0|AC  0|TAMS 0x0000000746300000, 0x0000000746300000|
| 100|0x0000000746400000, 0x0000000746400000, 0x0000000746500000|  0%| F|  |TS  0|AC  0|TAMS 0x0000000746400000, 0x0000000746400000|
| 101|0x0000000746500000, 0x0000000746500000, 0x0000000746600000|  0%| F|  |TS  0|AC  0|TAMS 0x0000000746500000, 0x0000000746500000|
| 102|0x0000000746600000, 0x0000000746600000, 0x0000000746700000|  0%| F|  |TS  0|AC  0|TAMS 0x0000000746600000, 0x0000000746600000|
| 103|0x0000000746700000, 0x0000000746700000, 0x0000000746800000|  0%| F|  |TS  0|AC  0|TAMS 0x0000000746700000, 0x0000000746700000|
| 104|0x0000000746800000, 0x0000000746800000, 0x0000000746900000|  0%| F|  |TS  0|AC  0|TAMS 0x0000000746800000, 0x0000000746800000|
| 105|0x0000000746900000, 0x0000000746900000, 0x0000000746a00000|  0%| F|  |TS  0|AC  0|TAMS 0x0000000746900000, 0x0000000746900000|
| 106|0x0000000746a00000, 0x0000000746a00000, 0x0000000746b00000|  0%| F|  |TS  0|AC  0|TAMS 0x0000000746a00000, 0x0000000746a00000|
| 107|0x0000000746b00000, 0x0000000746b00000, 0x0000000746c00000|  0%| F|  |TS  0|AC  0|TAMS 0x0000000746b00000, 0x0000000746b00000|
| 108|0x0000000746c00000, 0x0000000746c00000, 0x0000000746d00000|  0%| F|  |TS  0|AC  0|TAMS 0x0000000746c00000, 0x0000000746c00000|
| 109|0x0000000746d00000, 0x0000000746d00000, 0x0000000746e00000|  0%| F|  |TS  0|AC  0|TAMS 0x0000000746d00000, 0x0000000746d00000|
| 110|0x0000000746e00000, 0x0000000746e00000, 0x0000000746f00000|  0%| F|  |TS  0|AC  0|TAMS 0x0000000746e00000, 0x0000000746e00000|
| 111|0x0000000746f00000, 0x0000000746f00000, 0x0000000747000000|  0%| F|  |TS  0|AC  0|TAMS 0x0000000746f00000, 0x0000000746f00000|
| 112|0x0000000747000000, 0x0000000747000000, 0x0000000747100000|  0%| F|  |TS  0|AC  0|TAMS 0x0000000747000000, 0x0000000747000000|
| 113|0x0000000747100000, 0x0000000747100000, 0x0000000747200000|  0%| F|  |TS  0|AC  0|TAMS 0x0000000747100000, 0x0000000747100000|
| 114|0x0000000747200000, 0x0000000747200000, 0x0000000747300000|  0%| F|  |TS  0|AC  0|TAMS 0x0000000747200000, 0x0000000747200000|
| 115|0x0000000747300000, 0x0000000747300000, 0x0000000747400000|  0%| F|  |TS  0|AC  0|TAMS 0x0000000747300000, 0x0000000747300000|
| 116|0x0000000747400000, 0x0000000747400000, 0x0000000747500000|  0%| F|  |TS  0|AC  0|TAMS 0x0000000747400000, 0x0000000747400000|
| 117|0x0000000747500000, 0x0000000747500000, 0x0000000747600000|  0%| F|  |TS  0|AC  0|TAMS 0x0000000747500000, 0x0000000747500000|
| 118|0x0000000747600000, 0x0000000747648308, 0x0000000747700000| 28%| E|  |TS  0|AC  0|TAMS 0x0000000747600000, 0x0000000747600000|
| 119|0x0000000747700000, 0x0000000747800000, 0x0000000747800000|100%| E|CS|TS  0|AC  0|TAMS 0x0000000747700000, 0x0000000747700000|
| 120|0x0000000747800000, 0x0000000747900000, 0x0000000747900000|100%| E|CS|TS  0|AC  0|TAMS 0x0000000747800000, 0x0000000747800000|
| 121|0x0000000747900000, 0x0000000747a00000, 0x0000000747a00000|100%| E|CS|TS  0|AC  0|TAMS 0x0000000747900000, 0x0000000747900000|
| 122|0x0000000747a00000, 0x0000000747b00000, 0x0000000747b00000|100%| E|CS|TS  0|AC  0|TAMS 0x0000000747a00000, 0x0000000747a00000|
| 123|0x0000000747b00000, 0x0000000747c00000, 0x0000000747c00000|100%| E|CS|TS  0|AC  0|TAMS 0x0000000747b00000, 0x0000000747b00000|
| 124|0x0000000747c00000, 0x0000000747d00000, 0x0000000747d00000|100%| E|CS|TS  0|AC  0|TAMS 0x0000000747c00000, 0x0000000747c00000|
| 125|0x0000000747d00000, 0x0000000747e00000, 0x0000000747e00000|100%| E|CS|TS  0|AC  0|TAMS 0x0000000747d00000, 0x0000000747d00000|
| 126|0x0000000747e00000, 0x0000000747f00000, 0x0000000747f00000|100%| E|CS|TS  0|AC  0|TAMS 0x0000000747e00000, 0x0000000747e00000|
| 127|0x0000000747f00000, 0x0000000748000000, 0x0000000748000000|100%| E|CS|TS  0|AC  0|TAMS 0x0000000747f00000, 0x0000000747f00000|

Card table byte_map: [0x0000000128df8000,0x00000001291f8000] byte_map_base: 0x00000001253f8000

Marking Bits (Prev, Next): (CMBitMap*) 0x00007ff46882a670, (CMBitMap*) 0x00007ff46882a6a8
 Prev Bits: [0x00000001295f8000, 0x000000012b5f8000)
 Next Bits: [0x000000012b5f8000, 0x000000012d5f8000)

Polling page: 0x000000010d0e6000

CodeHeap 'non-profiled nmethods': size=120032Kb used=181Kb max_used=181Kb free=119850Kb
 bounds [0x00000001210c0000, 0x0000000121330000, 0x00000001285f8000]
CodeHeap 'profiled nmethods': size=120032Kb used=996Kb max_used=996Kb free=119036Kb
 bounds [0x0000000119b88000, 0x0000000119df8000, 0x00000001210c0000]
CodeHeap 'non-nmethods': size=5696Kb used=1192Kb max_used=1192Kb free=4503Kb
 bounds [0x00000001195f8000, 0x0000000119868000, 0x0000000119b88000]
 total_blobs=1010 nmethods=552 adapters=270
 compilation: enabled

Compilation events (10 events):
Event: 0.625 Thread 0x00007ff46902a800  541       3       jdk.internal.org.objectweb.asm.Item::isEqualTo (354 bytes)
Event: 0.626 Thread 0x00007ff46902a800 nmethod 541 0x0000000119c7f090 code [0x0000000119c7f300, 0x0000000119c80028]
Event: 0.626 Thread 0x00007ff46902a800  546       3       java.lang.invoke.LambdaForm$Name::initIndex (26 bytes)
Event: 0.626 Thread 0x00007ff46902a800 nmethod 546 0x0000000119c80390 code [0x0000000119c80540, 0x0000000119c80730]
Event: 0.626 Thread 0x00007ff46902a800  545       3       java.lang.reflect.Modifier::isStatic (13 bytes)
Event: 0.626 Thread 0x00007ff46902a800 nmethod 545 0x0000000119c80790 code [0x0000000119c80940, 0x0000000119c80ad0]
Event: 0.626 Thread 0x00007ff46902a800  550       3       java.lang.invoke.LambdaForm::parameterType (9 bytes)
Event: 0.626 Thread 0x00007ff46902a800 nmethod 550 0x0000000119c80b90 code [0x0000000119c80d40, 0x0000000119c80ee8]
Event: 0.626 Thread 0x00007ff46902a800  548       1       java.lang.invoke.MethodTypeForm::erasedType (5 bytes)
Event: 0.626 Thread 0x00007ff46902a800 nmethod 548 0x00000001210ed410 code [0x00000001210ed5c0, 0x00000001210ed6d0]

GC Heap History (0 events):
No events

Deoptimization events (0 events):
No events

Classes redefined (2 events):
Event: 205.643 Thread 0x00007ff468835000 redefined class name=ast.VisitorImpl, count=1
Event: 237.765 Thread 0x00007ff468835000 redefined class name=ast.VisitorImpl, count=2

Internal exceptions (1 events):
Event: 10.954 Thread 0x00007ff46900f000 Exception <a 'java/lang/NullPointerException'{0x00000007476201f8}> (0x00000007476201f8) thrown at [/scratch/mesos/slaves/5af44a71-976a-41b7-81de-5773b84ec572-S38393/frameworks/1735e8a2-a1db-478c-8104-60c8b0af87dd-0196/executors/8b855640-c399-41ea-b65f-522

Events (10 events):
Event: 265.778 Executing VM operation: ChangeBreakpoints
Event: 265.778 Executing VM operation: ChangeBreakpoints done
Event: 265.857 Executing VM operation: ChangeBreakpoints
Event: 265.857 Executing VM operation: ChangeBreakpoints done
Event: 273.353 Executing VM operation: ChangeBreakpoints
Event: 273.353 Executing VM operation: ChangeBreakpoints done
Event: 280.443 Executing VM operation: ChangeBreakpoints
Event: 280.443 Executing VM operation: ChangeBreakpoints done
Event: 280.443 Thread 0x00007ff46807f000 Thread exited: 0x00007ff46807f000
Event: 280.444 Thread 0x00007ff468044800 Thread exited: 0x00007ff468044800


Dynamic libraries:
0x00007fff48af9000 	/System/Library/Frameworks/Cocoa.framework/Versions/A/Cocoa
0x00007fff54db6000 	/System/Library/Frameworks/Security.framework/Versions/A/Security
0x00007fff47700000 	/System/Library/Frameworks/ApplicationServices.framework/Versions/A/ApplicationServices
0x00007fff76393000 	/usr/lib/libz.1.dylib
0x00007fff73a09000 	/usr/lib/libSystem.B.dylib
0x00007fff4931c000 	/System/Library/Frameworks/CoreFoundation.framework/Versions/A/CoreFoundation
0x00007fff4b6a1000 	/System/Library/Frameworks/Foundation.framework/Versions/C/Foundation
0x00007fff754b0000 	/usr/lib/libobjc.A.dylib
0x00007fff4688d000 	/System/Library/Frameworks/AppKit.framework/Versions/C/AppKit
0x00007fff48e90000 	/System/Library/Frameworks/CoreData.framework/Versions/A/CoreData
0x00007fff6cbd8000 	/System/Library/PrivateFrameworks/RemoteViewServices.framework/Versions/A/RemoteViewServices
0x00007fff716d7000 	/System/Library/PrivateFrameworks/UIFoundation.framework/Versions/A/UIFoundation
0x00007fff72e8f000 	/System/Library/PrivateFrameworks/XCTTargetBootstrap.framework/Versions/A/XCTTargetBootstrap
0x00007fff676e1000 	/System/Library/PrivateFrameworks/IconServices.framework/Versions/A/IconServices
0x00007fff4df6a000 	/System/Library/Frameworks/Metal.framework/Versions/A/Metal
0x00007fff5e8e4000 	/System/Library/PrivateFrameworks/DesktopServicesPriv.framework/Versions/A/DesktopServicesPriv
0x00007fff747c4000 	/usr/lib/libenergytrace.dylib
0x00007fff6f448000 	/System/Library/PrivateFrameworks/SkyLight.framework/Versions/A/SkyLight
0x00007fff4976b000 	/System/Library/Frameworks/CoreGraphics.framework/Versions/A/CoreGraphics
0x00007fff45648000 	/System/Library/Frameworks/Accelerate.framework/Versions/A/Accelerate
0x00007fff4be2a000 	/System/Library/Frameworks/IOSurface.framework/Versions/A/IOSurface
0x00007fff5e746000 	/System/Library/PrivateFrameworks/DFRFoundation.framework/Versions/A/DFRFoundation
0x00007fff47c05000 	/System/Library/Frameworks/AudioToolbox.framework/Versions/A/AudioToolbox
0x00007fff47ea4000 	/System/Library/Frameworks/AudioUnit.framework/Versions/A/AudioUnit
0x00007fff5e7dd000 	/System/Library/PrivateFrameworks/DataDetectorsCore.framework/Versions/A/DataDetectorsCore
0x00007fff485e3000 	/System/Library/Frameworks/Carbon.framework/Versions/A/Frameworks/HIToolbox.framework/Versions/A/HIToolbox
0x00007fff7491f000 	/usr/lib/libicucore.A.dylib
0x00007fff54309000 	/System/Library/Frameworks/QuartzCore.framework/Versions/A/QuartzCore
0x00007fff489ca000 	/System/Library/Frameworks/Carbon.framework/Versions/A/Frameworks/SpeechRecognition.framework/Versions/A/SpeechRecognition
0x00007fff73b6c000 	/usr/lib/libauto.dylib
0x00007fff76286000 	/usr/lib/libxml2.2.dylib
0x00007fff5e345000 	/System/Library/PrivateFrameworks/CoreUI.framework/Versions/A/CoreUI
0x00007fff48d6e000 	/System/Library/Frameworks/CoreAudio.framework/Versions/A/CoreAudio
0x00007fff4b4d3000 	/System/Library/Frameworks/DiskArbitration.framework/Versions/A/DiskArbitration
0x00007fff74bcf000 	/usr/lib/liblangid.dylib
0x00007fff68b90000 	/System/Library/PrivateFrameworks/MultitouchSupport.framework/Versions/A/MultitouchSupport
0x00007fff4bd96000 	/System/Library/Frameworks/IOKit.framework/Versions/A/IOKit
0x00007fff73657000 	/usr/lib/libDiagnosticMessagesClient.dylib
0x00007fff4a5d9000 	/System/Library/Frameworks/CoreServices.framework/Versions/A/CoreServices
0x00007fff6a8c5000 	/System/Library/PrivateFrameworks/PerformanceAnalysis.framework/Versions/A/PerformanceAnalysis
0x00007fff5349e000 	/System/Library/Frameworks/OpenGL.framework/Versions/A/OpenGL
0x00007fff48b07000 	/System/Library/Frameworks/ColorSync.framework/Versions/A/ColorSync
0x00007fff49dfa000 	/System/Library/Frameworks/CoreImage.framework/Versions/A/CoreImage
0x00007fff4b01c000 	/System/Library/Frameworks/CoreText.framework/Versions/A/CoreText
0x00007fff4be8b000 	/System/Library/Frameworks/ImageIO.framework/Versions/A/ImageIO
0x00007fff5a984000 	/System/Library/PrivateFrameworks/Backup.framework/Versions/A/Backup
0x00007fff73abf000 	/usr/lib/libarchive.2.dylib
0x00007fff48208000 	/System/Library/Frameworks/CFNetwork.framework/Versions/A/CFNetwork
0x00007fff55561000 	/System/Library/Frameworks/SystemConfiguration.framework/Versions/A/SystemConfiguration
0x00007fff73580000 	/usr/lib/libCRFSuite.dylib
0x00007fff73c63000 	/usr/lib/libc++.1.dylib
0x00007fff73cbb000 	/usr/lib/libc++abi.dylib
0x00007fff76416000 	/usr/lib/system/libcache.dylib
0x00007fff7641b000 	/usr/lib/system/libcommonCrypto.dylib
0x00007fff76426000 	/usr/lib/system/libcompiler_rt.dylib
0x00007fff7642e000 	/usr/lib/system/libcopyfile.dylib
0x00007fff76438000 	/usr/lib/system/libcorecrypto.dylib
0x00007fff76543000 	/usr/lib/system/libdispatch.dylib
0x00007fff7657e000 	/usr/lib/system/libdyld.dylib
0x00007fff765ae000 	/usr/lib/system/libkeymgr.dylib
0x00007fff765bc000 	/usr/lib/system/liblaunch.dylib
0x00007fff765bd000 	/usr/lib/system/libmacho.dylib
0x00007fff765c3000 	/usr/lib/system/libquarantine.dylib
0x00007fff765c6000 	/usr/lib/system/libremovefile.dylib
0x00007fff765c8000 	/usr/lib/system/libsystem_asl.dylib
0x00007fff765e0000 	/usr/lib/system/libsystem_blocks.dylib
0x00007fff765e1000 	/usr/lib/system/libsystem_c.dylib
0x00007fff7666a000 	/usr/lib/system/libsystem_configuration.dylib
0x00007fff7666e000 	/usr/lib/system/libsystem_coreservices.dylib
0x00007fff76672000 	/usr/lib/system/libsystem_darwin.dylib
0x00007fff76679000 	/usr/lib/system/libsystem_dnssd.dylib
0x00007fff76680000 	/usr/lib/system/libsystem_info.dylib
0x00007fff766f6000 	/usr/lib/system/libsystem_m.dylib
0x00007fff76742000 	/usr/lib/system/libsystem_malloc.dylib
0x00007fff76767000 	/usr/lib/system/libsystem_networkextension.dylib
0x00007fff76773000 	/usr/lib/system/libsystem_notify.dylib
0x00007fff76790000 	/usr/lib/system/libsystem_sandbox.dylib
0x00007fff76794000 	/usr/lib/system/libsystem_secinit.dylib
0x00007fff766cd000 	/usr/lib/system/libsystem_kernel.dylib
0x00007fff7677b000 	/usr/lib/system/libsystem_platform.dylib
0x00007fff76785000 	/usr/lib/system/libsystem_pthread.dylib
0x00007fff76797000 	/usr/lib/system/libsystem_symptoms.dylib
0x00007fff7679f000 	/usr/lib/system/libsystem_trace.dylib
0x00007fff767b6000 	/usr/lib/system/libunwind.dylib
0x00007fff767bc000 	/usr/lib/system/libxpc.dylib
0x00007fff73c43000 	/usr/lib/libbsm.0.dylib
0x00007fff765af000 	/usr/lib/system/libkxld.dylib
0x00007fff59c31000 	/System/Library/PrivateFrameworks/AppleFSCompression.framework/Versions/A/AppleFSCompression
0x00007fff738c8000 	/usr/lib/libOpenScriptingUtil.dylib
0x00007fff73fa6000 	/usr/lib/libcoretls.dylib
0x00007fff73fbd000 	/usr/lib/libcoretls_cfhelpers.dylib
0x00007fff75c49000 	/usr/lib/libpam.2.dylib
0x00007fff75e0c000 	/usr/lib/libsqlite3.dylib
0x00007fff76274000 	/usr/lib/libxar.1.dylib
0x00007fff73c54000 	/usr/lib/libbz2.1.0.dylib
0x00007fff74bd1000 	/usr/lib/liblzma.5.dylib
0x00007fff750c7000 	/usr/lib/libnetwork.dylib
0x00007fff73aa8000 	/usr/lib/libapple_nghttp2.dylib
0x00007fff75c50000 	/usr/lib/libpcap.A.dylib
0x00007fff4a97d000 	/System/Library/Frameworks/CoreServices.framework/Versions/A/Frameworks/FSEvents.framework/Versions/A/FSEvents
0x00007fff4a659000 	/System/Library/Frameworks/CoreServices.framework/Versions/A/Frameworks/CarbonCore.framework/Versions/A/CarbonCore
0x00007fff4ab52000 	/System/Library/Frameworks/CoreServices.framework/Versions/A/Frameworks/Metadata.framework/Versions/A/Metadata
0x00007fff4abf5000 	/System/Library/Frameworks/CoreServices.framework/Versions/A/Frameworks/OSServices.framework/Versions/A/OSServices
0x00007fff4ac41000 	/System/Library/Frameworks/CoreServices.framework/Versions/A/Frameworks/SearchKit.framework/Versions/A/SearchKit
0x00007fff4a5da000 	/System/Library/Frameworks/CoreServices.framework/Versions/A/Frameworks/AE.framework/Versions/A/AE
0x00007fff4a986000 	/System/Library/Frameworks/CoreServices.framework/Versions/A/Frameworks/LaunchServices.framework/Versions/A/LaunchServices
0x00007fff4a932000 	/System/Library/Frameworks/CoreServices.framework/Versions/A/Frameworks/DictionaryServices.framework/Versions/A/DictionaryServices
0x00007fff4acb0000 	/System/Library/Frameworks/CoreServices.framework/Versions/A/Frameworks/SharedFileList.framework/Versions/A/SharedFileList
0x00007fff4f42f000 	/System/Library/Frameworks/NetFS.framework/Versions/A/NetFS
0x00007fff68e2d000 	/System/Library/PrivateFrameworks/NetAuth.framework/Versions/A/NetAuth
0x00007fff732c3000 	/System/Library/PrivateFrameworks/login.framework/Versions/A/Frameworks/loginsupport.framework/Versions/A/loginsupport
0x00007fff712cf000 	/System/Library/PrivateFrameworks/TCC.framework/Versions/A/TCC
0x00007fff5d94f000 	/System/Library/PrivateFrameworks/CoreNLP.framework/Versions/A/CoreNLP
0x00007fff68881000 	/System/Library/PrivateFrameworks/MetadataUtilities.framework/Versions/A/MetadataUtilities
0x00007fff74cb2000 	/usr/lib/libmecabra.dylib
0x00007fff47701000 	/System/Library/Frameworks/ApplicationServices.framework/Versions/A/Frameworks/ATS.framework/Versions/A/ATS
0x00007fff47a6c000 	/System/Library/Frameworks/ApplicationServices.framework/Versions/A/Frameworks/ColorSyncLegacy.framework/Versions/A/ColorSyncLegacy
0x00007fff47b0d000 	/System/Library/Frameworks/ApplicationServices.framework/Versions/A/Frameworks/HIServices.framework/Versions/A/HIServices
0x00007fff47b60000 	/System/Library/Frameworks/ApplicationServices.framework/Versions/A/Frameworks/LangAnalysis.framework/Versions/A/LangAnalysis
0x00007fff47b6f000 	/System/Library/Frameworks/ApplicationServices.framework/Versions/A/Frameworks/PrintCore.framework/Versions/A/PrintCore
0x00007fff47bbc000 	/System/Library/Frameworks/ApplicationServices.framework/Versions/A/Frameworks/QD.framework/Versions/A/QD
0x00007fff47bf8000 	/System/Library/Frameworks/ApplicationServices.framework/Versions/A/Frameworks/SpeechSynthesis.framework/Versions/A/SpeechSynthesis
0x00007fff73ce3000 	/usr/lib/libcompression.dylib
0x00007fff49232000 	/System/Library/Frameworks/CoreDisplay.framework/Versions/A/CoreDisplay
0x00007fff4e232000 	/System/Library/Frameworks/MetalPerformanceShaders.framework/Versions/A/MetalPerformanceShaders
0x00007fff45660000 	/System/Library/Frameworks/Accelerate.framework/Versions/A/Frameworks/vImage.framework/Versions/A/vImage
0x00007fff466dc000 	/System/Library/Frameworks/Accelerate.framework/Versions/A/Frameworks/vecLib.framework/Versions/A/vecLib
0x00007fff46626000 	/System/Library/Frameworks/Accelerate.framework/Versions/A/Frameworks/vecLib.framework/Versions/A/libvMisc.dylib
0x00007fff46441000 	/System/Library/Frameworks/Accelerate.framework/Versions/A/Frameworks/vecLib.framework/Versions/A/libvDSP.dylib
0x00007fff45d01000 	/System/Library/Frameworks/Accelerate.framework/Versions/A/Frameworks/vecLib.framework/Versions/A/libBLAS.dylib
0x00007fff45fec000 	/System/Library/Frameworks/Accelerate.framework/Versions/A/Frameworks/vecLib.framework/Versions/A/libLAPACK.dylib
0x00007fff46393000 	/System/Library/Frameworks/Accelerate.framework/Versions/A/Frameworks/vecLib.framework/Versions/A/libLinearAlgebra.dylib
0x00007fff4642d000 	/System/Library/Frameworks/Accelerate.framework/Versions/A/Frameworks/vecLib.framework/Versions/A/libSparseBLAS.dylib
0x00007fff463a9000 	/System/Library/Frameworks/Accelerate.framework/Versions/A/Frameworks/vecLib.framework/Versions/A/libQuadrature.dylib
0x00007fff45f79000 	/System/Library/Frameworks/Accelerate.framework/Versions/A/Frameworks/vecLib.framework/Versions/A/libBNNS.dylib
0x00007fff463af000 	/System/Library/Frameworks/Accelerate.framework/Versions/A/Frameworks/vecLib.framework/Versions/A/libSparse.dylib
0x00007fff64e74000 	/System/Library/PrivateFrameworks/GPUWrangler.framework/Versions/A/GPUWrangler
0x00007fff672a8000 	/System/Library/PrivateFrameworks/IOAccelerator.framework/Versions/A/IOAccelerator
0x00007fff672b3000 	/System/Library/PrivateFrameworks/IOPresentment.framework/Versions/A/IOPresentment
0x00007fff5e756000 	/System/Library/PrivateFrameworks/DSExternalDisplay.framework/Versions/A/DSExternalDisplay
0x00007fff528e3000 	/System/Library/Frameworks/OpenGL.framework/Versions/A/Libraries/libCoreFSCache.dylib
0x00007fff4e01a000 	/System/Library/Frameworks/MetalPerformanceShaders.framework/Frameworks/MPSCore.framework/Versions/A/MPSCore
0x00007fff4e03b000 	/System/Library/Frameworks/MetalPerformanceShaders.framework/Frameworks/MPSImage.framework/Versions/A/MPSImage
0x00007fff4e0e3000 	/System/Library/Frameworks/MetalPerformanceShaders.framework/Frameworks/MPSNeuralNetwork.framework/Versions/A/MPSNeuralNetwork
0x00007fff4e0ba000 	/System/Library/Frameworks/MetalPerformanceShaders.framework/Frameworks/MPSMatrix.framework/Versions/A/MPSMatrix
0x00007fff4e216000 	/System/Library/Frameworks/MetalPerformanceShaders.framework/Frameworks/MPSRayIntersector.framework/Versions/A/MPSRayIntersector
0x00007fff688aa000 	/System/Library/PrivateFrameworks/MetalTools.framework/Versions/A/MetalTools
0x00007fff5932b000 	/System/Library/PrivateFrameworks/AggregateDictionary.framework/Versions/A/AggregateDictionary
0x00007fff738a8000 	/usr/lib/libMobileGestalt.dylib
0x00007fff4b182000 	/System/Library/Frameworks/CoreVideo.framework/Versions/A/CoreVideo
0x00007fff65ce3000 	/System/Library/PrivateFrameworks/GraphVisualizer.framework/Versions/A/GraphVisualizer
0x00007fff5fa7f000 	/System/Library/PrivateFrameworks/FaceCore.framework/Versions/A/FaceCore
0x00007fff51efb000 	/System/Library/Frameworks/OpenCL.framework/Versions/A/OpenCL
0x00007fff7368f000 	/usr/lib/libFosl_dynamic.dylib
0x00007fff69704000 	/System/Library/PrivateFrameworks/OTSVG.framework/Versions/A/OTSVG
0x00007fff47805000 	/System/Library/Frameworks/ApplicationServices.framework/Versions/A/Frameworks/ATS.framework/Versions/A/Resources/libFontParser.dylib
0x00007fff47925000 	/System/Library/Frameworks/ApplicationServices.framework/Versions/A/Frameworks/ATS.framework/Versions/A/Resources/libFontRegistry.dylib
0x00007fff4c115000 	/System/Library/Frameworks/ImageIO.framework/Versions/A/Resources/libJPEG.dylib
0x00007fff4c437000 	/System/Library/Frameworks/ImageIO.framework/Versions/A/Resources/libTIFF.dylib
0x00007fff4c40d000 	/System/Library/Frameworks/ImageIO.framework/Versions/A/Resources/libPng.dylib
0x00007fff4c02a000 	/System/Library/Frameworks/ImageIO.framework/Versions/A/Resources/libGIF.dylib
0x00007fff4c02f000 	/System/Library/Frameworks/ImageIO.framework/Versions/A/Resources/libJP2.dylib
0x00007fff4c434000 	/System/Library/Frameworks/ImageIO.framework/Versions/A/Resources/libRadiance.dylib
0x00007fff59d8a000 	/System/Library/PrivateFrameworks/AppleJPEG.framework/Versions/A/AppleJPEG
0x00007fff528ee000 	/System/Library/Frameworks/OpenGL.framework/Versions/A/Libraries/libGFXShared.dylib
0x00007fff52ab1000 	/System/Library/Frameworks/OpenGL.framework/Versions/A/Libraries/libGLU.dylib
0x00007fff528f7000 	/System/Library/Frameworks/OpenGL.framework/Versions/A/Libraries/libGL.dylib
0x00007fff52903000 	/System/Library/Frameworks/OpenGL.framework/Versions/A/Libraries/libGLImage.dylib
0x00007fff528e0000 	/System/Library/Frameworks/OpenGL.framework/Versions/A/Libraries/libCVMSPluginSupport.dylib
0x00007fff528e9000 	/System/Library/Frameworks/OpenGL.framework/Versions/A/Libraries/libCoreVMClient.dylib
0x00007fff74635000 	/usr/lib/libcups.2.dylib
0x00007fff4d52f000 	/System/Library/Frameworks/Kerberos.framework/Versions/A/Kerberos
0x00007fff4bae0000 	/System/Library/Frameworks/GSS.framework/Versions/A/GSS
0x00007fff75da0000 	/usr/lib/libresolv.9.dylib
0x00007fff7482d000 	/usr/lib/libiconv.2.dylib
0x00007fff65e43000 	/System/Library/PrivateFrameworks/Heimdal.framework/Versions/A/Heimdal
0x00007fff747fc000 	/usr/lib/libheimdal-asn1.dylib
0x00007fff51f71000 	/System/Library/Frameworks/OpenDirectory.framework/Versions/A/OpenDirectory
0x00007fff5c64c000 	/System/Library/PrivateFrameworks/CommonAuth.framework/Versions/A/CommonAuth
0x00007fff51f54000 	/System/Library/Frameworks/OpenDirectory.framework/Versions/A/Frameworks/CFOpenDirectory.framework/Versions/A/CFOpenDirectory
0x00007fff550df000 	/System/Library/Frameworks/SecurityFoundation.framework/Versions/A/SecurityFoundation
0x00007fff5883c000 	/System/Library/PrivateFrameworks/APFS.framework/Versions/A/APFS
0x00007fff76270000 	/usr/lib/libutil.dylib
0x00007fff73cd1000 	/usr/lib/libcharset.1.dylib
0x00007fff5a026000 	/System/Library/PrivateFrameworks/AppleSauce.framework/Versions/A/AppleSauce
0x00007fff5a1b4000 	/System/Library/PrivateFrameworks/AssertionServices.framework/Versions/A/AssertionServices
0x00007fff5aa27000 	/System/Library/PrivateFrameworks/BaseBoard.framework/Versions/A/BaseBoard
0x00007fff74c01000 	/usr/lib/libmecab.1.0.0.dylib
0x00007fff747f6000 	/usr/lib/libgermantok.dylib
0x00007fff73a94000 	/usr/lib/libThaiTokenizer.dylib
0x00007fff735bb000 	/usr/lib/libChineseTokenizer.dylib
0x00007fff679de000 	/System/Library/PrivateFrameworks/LanguageModeling.framework/Versions/A/LanguageModeling
0x00007fff5d365000 	/System/Library/PrivateFrameworks/CoreEmoji.framework/Versions/A/CoreEmoji
0x00007fff67ad6000 	/System/Library/PrivateFrameworks/Lexicon.framework/Versions/A/Lexicon
0x00007fff67b1e000 	/System/Library/PrivateFrameworks/LinguisticData.framework/Versions/A/LinguisticData
0x00007fff73cd2000 	/usr/lib/libcmph.dylib
0x00007fff551a0000 	/System/Library/Frameworks/ServiceManagement.framework/Versions/A/ServiceManagement
0x00007fff5a97a000 	/System/Library/PrivateFrameworks/BackgroundTaskManagement.framework/Versions/A/BackgroundTaskManagement
0x00007fff7636a000 	/usr/lib/libxslt.1.dylib
0x00007fff488f5000 	/System/Library/Frameworks/Carbon.framework/Versions/A/Frameworks/Ink.framework/Versions/A/Ink
0x00007fff7154f000 	/System/Library/PrivateFrameworks/TextureIO.framework/Versions/A/TextureIO
0x00007fff73ae9000 	/usr/lib/libate.dylib
0x00007fff5e6b2000 	/System/Library/PrivateFrameworks/CrashReporterSupport.framework/Versions/A/CrashReporterSupport
0x00007fff6e570000 	/System/Library/PrivateFrameworks/Sharing.framework/Versions/A/Sharing
0x00007fff5a506000 	/System/Library/PrivateFrameworks/AuthKit.framework/Versions/A/AuthKit
0x00007fff59929000 	/System/Library/PrivateFrameworks/Apple80211.framework/Versions/A/Apple80211
0x00007fff5e472000 	/System/Library/PrivateFrameworks/CoreUtils.framework/Versions/A/CoreUtils
0x00007fff4b1c0000 	/System/Library/Frameworks/CoreWLAN.framework/Versions/A/CoreWLAN
0x00007fff4bc2a000 	/System/Library/Frameworks/IOBluetooth.framework/Versions/A/IOBluetooth
0x00007fff6c893000 	/System/Library/PrivateFrameworks/ProtocolBuffer.framework/Versions/A/ProtocolBuffer
0x00007fff68ae7000 	/System/Library/PrivateFrameworks/MobileKeyBag.framework/Versions/A/MobileKeyBag
0x00007fff5dc8a000 	/System/Library/PrivateFrameworks/CorePhoneNumbers.framework/Versions/A/CorePhoneNumbers
0x00007fff59d3e000 	/System/Library/PrivateFrameworks/AppleIDAuthSupport.framework/Versions/A/AppleIDAuthSupport
0x00007fff679b0000 	/System/Library/PrivateFrameworks/KeychainCircle.framework/Versions/A/KeychainCircle
0x00007fff6ca60000 	/System/Library/PrivateFrameworks/ROCKit.framework/Versions/A/ROCKit
0x00007fff5e64e000 	/System/Library/PrivateFrameworks/CoreWiFi.framework/Versions/A/CoreWiFi
0x00007fff48e64000 	/System/Library/Frameworks/CoreBluetooth.framework/Versions/A/CoreBluetooth
0x00007fff5e8a2000 	/System/Library/PrivateFrameworks/DebugSymbols.framework/Versions/A/DebugSymbols
0x00007fff5e227000 	/System/Library/PrivateFrameworks/CoreSymbolication.framework/Versions/A/CoreSymbolication
0x00007fff70d39000 	/System/Library/PrivateFrameworks/Symbolication.framework/Versions/A/Symbolication
0x00007fff6fecb000 	/System/Library/PrivateFrameworks/SpeechRecognitionCore.framework/Versions/A/SpeechRecognitionCore
0x000000010e200000 	/Library/Java/JavaVirtualMachines/jdk-9.0.1.jdk/Contents/Home/lib/server/libjvm.dylib
0x00007fff76134000 	/usr/lib/libstdc++.6.dylib
0x000000010d0a4000 	/Library/Java/JavaVirtualMachines/jdk-9.0.1.jdk/Contents/Home/lib/libverify.dylib
0x000000010d0b1000 	/Library/Java/JavaVirtualMachines/jdk-9.0.1.jdk/Contents/Home/lib/libjava.dylib
0x000000010d0e7000 	/Library/Java/JavaVirtualMachines/jdk-9.0.1.jdk/Contents/Home/lib/libjdwp.dylib
0x000000010d124000 	/Library/Java/JavaVirtualMachines/jdk-9.0.1.jdk/Contents/Home/lib/libinstrument.dylib
0x000000010d1b9000 	/Library/Java/JavaVirtualMachines/jdk-9.0.1.jdk/Contents/Home/lib/libzip.dylib
0x000000010d1c1000 	/Library/Java/JavaVirtualMachines/jdk-9.0.1.jdk/Contents/Home/lib/libjimage.dylib
0x000000010d881000 	/Library/Java/JavaVirtualMachines/jdk-9.0.1.jdk/Contents/Home/lib/libnio.dylib
0x000000010d891000 	/Library/Java/JavaVirtualMachines/jdk-9.0.1.jdk/Contents/Home/lib/./libnet.dylib
0x000000010d8a8000 	/Library/Java/JavaVirtualMachines/jdk-9.0.1.jdk/Contents/Home/lib/libdt_socket.dylib

VM Arguments:
jvm_args: -agentlib:jdwp=transport=dt_socket,address=127.0.0.1:52122,suspend=y,server=n -javaagent:/Users/pooya/Library/Caches/IntelliJIdea2018.2/captureAgent/debugger-agent.jar=file:/private/var/folders/1f/tmlxzt5s5fs2bdd9jrmv1bzm0000gn/T/capture.props -Dfile.encoding=UTF-8 
java_command: org.antlr.v4.gui.TestRig Smoola program in.sml
java_class_path (initial): /Users/pooya/Desktop/University/Term 7(F 97)/Compilers and Programming Languages/Project/Phase2/compilerFall97-master/src/main/production/production/main:/Users/pooya/Desktop/University/Term 7(F 97)/Compilers and Programming Languages/Project/antlr-4.7.1-complete.jar:/Applications/IntelliJ IDEA.app/Contents/lib/idea_rt.jar
Launcher Type: SUN_STANDARD

Logging:
Log output configuration:
#0: stdout all=warning uptime,level,tags
#1: stderr all=off uptime,level,tags

Environment Variables:
CLASSPATH=.:/Library/antlr-4.7.1-complete.jar:
PATH=/Library/antlr-4.7.1-complete.jar:/usr/local/bin:/usr/bin:/bin:/usr/sbin:/sbin:/opt/X11/bin:/Applications/Wireshark.app/Contents/MacOS
SHELL=/bin/zsh
DISPLAY=/private/tmp/com.apple.launchd.ysFbaj61fn/org.macosforge.xquartz:0

Signal Handlers:
SIGSEGV: [libjvm.dylib+0x73e2dc], sa_mask[0]=11111111011111110111111111111111, sa_flags=SA_ONSTACK|SA_RESTART|SA_SIGINFO
SIGBUS: [libjvm.dylib+0x73e2dc], sa_mask[0]=11111111011111110111111111111111, sa_flags=SA_RESTART|SA_SIGINFO
SIGFPE: [libjvm.dylib+0x73e2dc], sa_mask[0]=11111111011111110111111111111111, sa_flags=SA_RESTART|SA_SIGINFO
SIGPIPE: [libjvm.dylib+0x5f15ac], sa_mask[0]=11111111011111110111111111111111, sa_flags=SA_RESTART|SA_SIGINFO
SIGXFSZ: [libjvm.dylib+0x5f15ac], sa_mask[0]=11111111011111110111111111111111, sa_flags=SA_RESTART|SA_SIGINFO
SIGILL: [libjvm.dylib+0x73e2dc], sa_mask[0]=11111111011111110111111111111111, sa_flags=SA_RESTART|SA_SIGINFO
SIGUSR2: [libjvm.dylib+0x5f1e3c], sa_mask[0]=00100000000000000000000000000000, sa_flags=SA_RESTART|SA_SIGINFO
SIGHUP: [libjvm.dylib+0x5f0679], sa_mask[0]=11111111011111110111111111111111, sa_flags=SA_RESTART|SA_SIGINFO
SIGINT: [libjvm.dylib+0x5f0679], sa_mask[0]=11111111011111110111111111111111, sa_flags=SA_RESTART|SA_SIGINFO
SIGTERM: [libjvm.dylib+0x5f0679], sa_mask[0]=11111111011111110111111111111111, sa_flags=SA_RESTART|SA_SIGINFO
SIGQUIT: [libjvm.dylib+0x5f0679], sa_mask[0]=11111111011111110111111111111111, sa_flags=SA_RESTART|SA_SIGINFO


---------------  S Y S T E M  ---------------

OS:uname:Darwin 18.2.0 Darwin Kernel Version 18.2.0: Mon Nov 12 20:24:46 PST 2018; root:xnu-4903.231.4~2/RELEASE_X86_64 x86_64
rlimit: STACK 8192k, CORE 0k, NPROC 709, NOFILE 10240, AS infinity
load average:2.15 2.22 2.27

CPU:total 4 (initial active 4) (2 cores per cpu, 2 threads per core) family 6 model 142 stepping 9, cmov, cx8, fxsr, mmx, sse, sse2, sse3, ssse3, sse4.1, sse4.2, popcnt, avx, avx2, aes, clmul, erms, 3dnowpref, lzcnt, ht, tsc, tscinvbit, bmi1, bmi2, adx, fma

Memory: 4k page, physical 8388608k(130308k free)

vm_info: Java HotSpot(TM) 64-Bit Server VM (9.0.1+11) for bsd-amd64 JRE (9.0.1+11), built on Sep 28 2017 03:49:57 by "mach5one" with gcc 4.2.1 Compatible Apple LLVM 6.1.0 (clang-602.0.49)

END.
